2023-11-22T00:00:12.751-04:00  INFO 10148 --- [File Watcher] rtingClassPathChangeChangedEventListener : Restarting due to 1 class path change (0 additions, 0 deletions, 1 modification)
2023-11-22T00:00:12.772-04:00  INFO 10148 --- [Thread-27] o.apache.catalina.core.StandardService   : Stopping service [Tomcat]
2023-11-22T00:00:12.775-04:00  WARN 10148 --- [Thread-27] o.a.c.loader.WebappClassLoaderBase       : The web application [ROOT] appears to have started a thread named [HikariPool-7 housekeeper] but has failed to stop it. This is very likely to create a memory leak. Stack trace of thread:
 java.base@17.0.9/jdk.internal.misc.Unsafe.park(Native Method)
 java.base@17.0.9/java.util.concurrent.locks.LockSupport.parkNanos(LockSupport.java:252)
 java.base@17.0.9/java.util.concurrent.locks.AbstractQueuedSynchronizer$ConditionObject.awaitNanos(AbstractQueuedSynchronizer.java:1672)
 java.base@17.0.9/java.util.concurrent.ScheduledThreadPoolExecutor$DelayedWorkQueue.take(ScheduledThreadPoolExecutor.java:1182)
 java.base@17.0.9/java.util.concurrent.ScheduledThreadPoolExecutor$DelayedWorkQueue.take(ScheduledThreadPoolExecutor.java:899)
 java.base@17.0.9/java.util.concurrent.ThreadPoolExecutor.getTask(ThreadPoolExecutor.java:1062)
 java.base@17.0.9/java.util.concurrent.ThreadPoolExecutor.runWorker(ThreadPoolExecutor.java:1122)
 java.base@17.0.9/java.util.concurrent.ThreadPoolExecutor$Worker.run(ThreadPoolExecutor.java:635)
 java.base@17.0.9/java.lang.Thread.run(Thread.java:842)
2023-11-22T00:00:12.780-04:00  INFO 10148 --- [Thread-27] j.LocalContainerEntityManagerFactoryBean : Closing JPA EntityManagerFactory for persistence unit 'default'
2023-11-22T00:00:12.783-04:00  INFO 10148 --- [Thread-27] com.zaxxer.hikari.HikariDataSource       : HikariPool-7 - Shutdown initiated...
2023-11-22T00:00:12.783-04:00  INFO 10148 --- [Thread-27] com.zaxxer.hikari.HikariDataSource       : HikariPool-7 - Shutdown completed.
2023-11-22T00:00:12.820-04:00  INFO 10148 --- [restartedMain] com.asdc.dalbites.DalbitesApplication    : Starting DalbitesApplication using Java 17.0.9 with PID 10148 (D:\Academics\Dalhousie University\CSCI5308\Project\Project_Clone\Group16\Backend\target\classes started by patel in D:\Academics\Dalhousie University\CSCI5308\Project\Project_Clone\Group16)
2023-11-22T00:00:12.821-04:00  INFO 10148 --- [restartedMain] com.asdc.dalbites.DalbitesApplication    : No active profile set, falling back to 1 default profile: "default"
2023-11-22T00:00:12.926-04:00  INFO 10148 --- [restartedMain] .s.d.r.c.RepositoryConfigurationDelegate : Bootstrapping Spring Data JPA repositories in DEFAULT mode.
2023-11-22T00:00:12.946-04:00  INFO 10148 --- [restartedMain] .s.d.r.c.RepositoryConfigurationDelegate : Finished Spring Data repository scanning in 19 ms. Found 8 JPA repository interfaces.
2023-11-22T00:00:13.036-04:00  INFO 10148 --- [restartedMain] o.s.b.w.embedded.tomcat.TomcatWebServer  : Tomcat initialized with port(s): 8080 (http)
2023-11-22T00:00:13.036-04:00  INFO 10148 --- [restartedMain] o.apache.catalina.core.StandardService   : Starting service [Tomcat]
2023-11-22T00:00:13.036-04:00  INFO 10148 --- [restartedMain] o.apache.catalina.core.StandardEngine    : Starting Servlet engine: [Apache Tomcat/10.1.13]
2023-11-22T00:00:13.066-04:00  INFO 10148 --- [restartedMain] o.a.c.c.C.[Tomcat].[localhost].[/]       : Initializing Spring embedded WebApplicationContext
2023-11-22T00:00:13.066-04:00  INFO 10148 --- [restartedMain] w.s.c.ServletWebServerApplicationContext : Root WebApplicationContext: initialization completed in 242 ms
2023-11-22T00:00:13.090-04:00  INFO 10148 --- [restartedMain] o.hibernate.jpa.internal.util.LogHelper  : HHH000204: Processing PersistenceUnitInfo [name: default]
2023-11-22T00:00:13.094-04:00  INFO 10148 --- [restartedMain] o.h.b.i.BytecodeProviderInitiator        : HHH000021: Bytecode provider name : bytebuddy
2023-11-22T00:00:13.094-04:00  INFO 10148 --- [restartedMain] o.s.o.j.p.SpringPersistenceUnitInfo      : No LoadTimeWeaver setup: ignoring JPA class transformer
2023-11-22T00:00:13.096-04:00  INFO 10148 --- [restartedMain] com.zaxxer.hikari.HikariDataSource       : HikariPool-8 - Starting...
2023-11-22T00:00:13.138-04:00  INFO 10148 --- [restartedMain] com.zaxxer.hikari.pool.HikariPool        : HikariPool-8 - Added connection com.mysql.cj.jdbc.ConnectionImpl@6ca6d5e9
2023-11-22T00:00:13.138-04:00  INFO 10148 --- [restartedMain] com.zaxxer.hikari.HikariDataSource       : HikariPool-8 - Start completed.
2023-11-22T00:00:13.141-04:00  WARN 10148 --- [restartedMain] org.hibernate.dialect.Dialect            : HHH000511: The 5.5.0 version for [org.hibernate.dialect.MySQLDialect] is no longer supported, hence certain features may not work properly. The minimum supported version is 5.7.0. Check the community dialects project for available legacy versions.
2023-11-22T00:00:13.188-04:00  INFO 10148 --- [restartedMain] o.h.b.i.BytecodeProviderInitiator        : HHH000021: Bytecode provider name : bytebuddy
2023-11-22T00:00:13.266-04:00  INFO 10148 --- [restartedMain] o.h.e.t.j.p.i.JtaPlatformInitiator       : HHH000490: Using JtaPlatform implementation: [org.hibernate.engine.transaction.jta.platform.internal.NoJtaPlatform]
2023-11-22T00:00:13.507-04:00  INFO 10148 --- [restartedMain] j.LocalContainerEntityManagerFactoryBean : Initialized JPA EntityManagerFactory for persistence unit 'default'
2023-11-22T00:00:13.637-04:00  WARN 10148 --- [restartedMain] JpaBaseConfiguration$JpaWebConfiguration : spring.jpa.open-in-view is enabled by default. Therefore, database queries may be performed during view rendering. Explicitly configure spring.jpa.open-in-view to disable this warning
2023-11-22T00:00:13.666-04:00  INFO 10148 --- [restartedMain] o.s.s.web.DefaultSecurityFilterChain     : Will secure any request with [org.springframework.security.web.session.DisableEncodeUrlFilter@67be4945, org.springframework.security.web.context.request.async.WebAsyncManagerIntegrationFilter@2ca622dc, org.springframework.security.web.context.SecurityContextHolderFilter@5226527a, org.springframework.security.web.header.HeaderWriterFilter@6197c8ea, org.springframework.web.filter.CorsFilter@392272c3, org.springframework.security.web.authentication.logout.LogoutFilter@40f1744a, com.asdc.dalbites.security.JWTAuthenticationFilter@7b3cb9f8, org.springframework.security.web.savedrequest.RequestCacheAwareFilter@3d7e2605, org.springframework.security.web.servletapi.SecurityContextHolderAwareRequestFilter@627179d8, org.springframework.security.web.authentication.AnonymousAuthenticationFilter@7516267c, org.springframework.security.web.session.SessionManagementFilter@1a7b1d95, org.springframework.security.web.access.ExceptionTranslationFilter@2d7859f2, org.springframework.security.web.access.intercept.AuthorizationFilter@65a53ba0]
2023-11-22T00:00:13.690-04:00  INFO 10148 --- [restartedMain] o.s.b.d.a.OptionalLiveReloadServer       : LiveReload server is running on port 35729
2023-11-22T00:00:13.696-04:00  INFO 10148 --- [restartedMain] o.s.b.w.embedded.tomcat.TomcatWebServer  : Tomcat started on port(s): 8080 (http) with context path ''
2023-11-22T00:00:13.696-04:00  INFO 10148 --- [restartedMain] com.asdc.dalbites.DalbitesApplication    : Started DalbitesApplication in 0.906 seconds (process running for 389.448)
2023-11-22T00:00:13.704-04:00  INFO 10148 --- [restartedMain] .ConditionEvaluationDeltaLoggingListener : Condition evaluation unchanged
2023-11-22T00:00:25.360-04:00  INFO 10148 --- [File Watcher] rtingClassPathChangeChangedEventListener : Restarting due to 1 class path change (0 additions, 0 deletions, 1 modification)
2023-11-22T00:00:25.368-04:00  INFO 10148 --- [Thread-31] o.apache.catalina.core.StandardService   : Stopping service [Tomcat]
2023-11-22T00:00:25.371-04:00  WARN 10148 --- [Thread-31] o.a.c.loader.WebappClassLoaderBase       : The web application [ROOT] appears to have started a thread named [HikariPool-8 housekeeper] but has failed to stop it. This is very likely to create a memory leak. Stack trace of thread:
 java.base@17.0.9/jdk.internal.misc.Unsafe.park(Native Method)
 java.base@17.0.9/java.util.concurrent.locks.LockSupport.parkNanos(LockSupport.java:252)
 java.base@17.0.9/java.util.concurrent.locks.AbstractQueuedSynchronizer$ConditionObject.awaitNanos(AbstractQueuedSynchronizer.java:1672)
 java.base@17.0.9/java.util.concurrent.ScheduledThreadPoolExecutor$DelayedWorkQueue.take(ScheduledThreadPoolExecutor.java:1182)
 java.base@17.0.9/java.util.concurrent.ScheduledThreadPoolExecutor$DelayedWorkQueue.take(ScheduledThreadPoolExecutor.java:899)
 java.base@17.0.9/java.util.concurrent.ThreadPoolExecutor.getTask(ThreadPoolExecutor.java:1062)
 java.base@17.0.9/java.util.concurrent.ThreadPoolExecutor.runWorker(ThreadPoolExecutor.java:1122)
 java.base@17.0.9/java.util.concurrent.ThreadPoolExecutor$Worker.run(ThreadPoolExecutor.java:635)
 java.base@17.0.9/java.lang.Thread.run(Thread.java:842)
2023-11-22T00:00:25.373-04:00  INFO 10148 --- [Thread-31] j.LocalContainerEntityManagerFactoryBean : Closing JPA EntityManagerFactory for persistence unit 'default'
2023-11-22T00:00:25.374-04:00  INFO 10148 --- [Thread-31] com.zaxxer.hikari.HikariDataSource       : HikariPool-8 - Shutdown initiated...
2023-11-22T00:00:25.375-04:00  INFO 10148 --- [Thread-31] com.zaxxer.hikari.HikariDataSource       : HikariPool-8 - Shutdown completed.
2023-11-22T00:00:25.438-04:00  INFO 10148 --- [restartedMain] com.asdc.dalbites.DalbitesApplication    : Starting DalbitesApplication using Java 17.0.9 with PID 10148 (D:\Academics\Dalhousie University\CSCI5308\Project\Project_Clone\Group16\Backend\target\classes started by patel in D:\Academics\Dalhousie University\CSCI5308\Project\Project_Clone\Group16)
2023-11-22T00:00:25.446-04:00  INFO 10148 --- [restartedMain] com.asdc.dalbites.DalbitesApplication    : No active profile set, falling back to 1 default profile: "default"
2023-11-22T00:00:25.551-04:00  INFO 10148 --- [restartedMain] .s.d.r.c.RepositoryConfigurationDelegate : Bootstrapping Spring Data JPA repositories in DEFAULT mode.
2023-11-22T00:00:25.572-04:00  INFO 10148 --- [restartedMain] .s.d.r.c.RepositoryConfigurationDelegate : Finished Spring Data repository scanning in 19 ms. Found 8 JPA repository interfaces.
2023-11-22T00:00:25.627-04:00  INFO 10148 --- [restartedMain] o.s.b.w.embedded.tomcat.TomcatWebServer  : Tomcat initialized with port(s): 8080 (http)
2023-11-22T00:00:25.627-04:00  INFO 10148 --- [restartedMain] o.apache.catalina.core.StandardService   : Starting service [Tomcat]
2023-11-22T00:00:25.627-04:00  INFO 10148 --- [restartedMain] o.apache.catalina.core.StandardEngine    : Starting Servlet engine: [Apache Tomcat/10.1.13]
2023-11-22T00:00:25.660-04:00  INFO 10148 --- [restartedMain] o.a.c.c.C.[Tomcat].[localhost].[/]       : Initializing Spring embedded WebApplicationContext
2023-11-22T00:00:25.660-04:00  INFO 10148 --- [restartedMain] w.s.c.ServletWebServerApplicationContext : Root WebApplicationContext: initialization completed in 214 ms
2023-11-22T00:00:25.689-04:00  INFO 10148 --- [restartedMain] o.hibernate.jpa.internal.util.LogHelper  : HHH000204: Processing PersistenceUnitInfo [name: default]
2023-11-22T00:00:25.692-04:00  INFO 10148 --- [restartedMain] o.h.b.i.BytecodeProviderInitiator        : HHH000021: Bytecode provider name : bytebuddy
2023-11-22T00:00:25.692-04:00  INFO 10148 --- [restartedMain] o.s.o.j.p.SpringPersistenceUnitInfo      : No LoadTimeWeaver setup: ignoring JPA class transformer
2023-11-22T00:00:25.692-04:00  INFO 10148 --- [restartedMain] com.zaxxer.hikari.HikariDataSource       : HikariPool-9 - Starting...
2023-11-22T00:00:25.726-04:00  INFO 10148 --- [restartedMain] com.zaxxer.hikari.pool.HikariPool        : HikariPool-9 - Added connection com.mysql.cj.jdbc.ConnectionImpl@6c4d5baa
2023-11-22T00:00:25.726-04:00  INFO 10148 --- [restartedMain] com.zaxxer.hikari.HikariDataSource       : HikariPool-9 - Start completed.
2023-11-22T00:00:25.737-04:00  WARN 10148 --- [restartedMain] org.hibernate.dialect.Dialect            : HHH000511: The 5.5.0 version for [org.hibernate.dialect.MySQLDialect] is no longer supported, hence certain features may not work properly. The minimum supported version is 5.7.0. Check the community dialects project for available legacy versions.
2023-11-22T00:00:25.759-04:00  INFO 10148 --- [restartedMain] o.h.b.i.BytecodeProviderInitiator        : HHH000021: Bytecode provider name : bytebuddy
2023-11-22T00:00:25.807-04:00  INFO 10148 --- [restartedMain] o.h.e.t.j.p.i.JtaPlatformInitiator       : HHH000490: Using JtaPlatform implementation: [org.hibernate.engine.transaction.jta.platform.internal.NoJtaPlatform]
2023-11-22T00:00:26.029-04:00  INFO 10148 --- [restartedMain] j.LocalContainerEntityManagerFactoryBean : Initialized JPA EntityManagerFactory for persistence unit 'default'
2023-11-22T00:00:26.156-04:00  WARN 10148 --- [restartedMain] JpaBaseConfiguration$JpaWebConfiguration : spring.jpa.open-in-view is enabled by default. Therefore, database queries may be performed during view rendering. Explicitly configure spring.jpa.open-in-view to disable this warning
2023-11-22T00:00:26.176-04:00  INFO 10148 --- [restartedMain] o.s.s.web.DefaultSecurityFilterChain     : Will secure any request with [org.springframework.security.web.session.DisableEncodeUrlFilter@2adbda51, org.springframework.security.web.context.request.async.WebAsyncManagerIntegrationFilter@1907abae, org.springframework.security.web.context.SecurityContextHolderFilter@ce257ff, org.springframework.security.web.header.HeaderWriterFilter@2bab9eb6, org.springframework.web.filter.CorsFilter@7f242120, org.springframework.security.web.authentication.logout.LogoutFilter@2472e3bf, com.asdc.dalbites.security.JWTAuthenticationFilter@31b3b86f, org.springframework.security.web.savedrequest.RequestCacheAwareFilter@e7b4fec, org.springframework.security.web.servletapi.SecurityContextHolderAwareRequestFilter@79d23ebb, org.springframework.security.web.authentication.AnonymousAuthenticationFilter@fa495b4, org.springframework.security.web.session.SessionManagementFilter@c59ef3f, org.springframework.security.web.access.ExceptionTranslationFilter@5dcbea0d, org.springframework.security.web.access.intercept.AuthorizationFilter@18ed13bb]
2023-11-22T00:00:26.196-04:00  INFO 10148 --- [restartedMain] o.s.b.d.a.OptionalLiveReloadServer       : LiveReload server is running on port 35729
2023-11-22T00:00:26.207-04:00  INFO 10148 --- [restartedMain] o.s.b.w.embedded.tomcat.TomcatWebServer  : Tomcat started on port(s): 8080 (http) with context path ''
2023-11-22T00:00:26.209-04:00  INFO 10148 --- [restartedMain] com.asdc.dalbites.DalbitesApplication    : Started DalbitesApplication in 0.785 seconds (process running for 401.954)
2023-11-22T00:00:26.209-04:00  INFO 10148 --- [restartedMain] .ConditionEvaluationDeltaLoggingListener : Condition evaluation unchanged
2023-11-22T00:01:08.695-04:00  INFO 10148 --- [File Watcher] rtingClassPathChangeChangedEventListener : Restarting due to 1 class path change (0 additions, 0 deletions, 1 modification)
2023-11-22T00:01:08.704-04:00  INFO 10148 --- [Thread-35] o.apache.catalina.core.StandardService   : Stopping service [Tomcat]
2023-11-22T00:01:08.706-04:00  WARN 10148 --- [Thread-35] o.a.c.loader.WebappClassLoaderBase       : The web application [ROOT] appears to have started a thread named [HikariPool-9 housekeeper] but has failed to stop it. This is very likely to create a memory leak. Stack trace of thread:
 java.base@17.0.9/jdk.internal.misc.Unsafe.park(Native Method)
 java.base@17.0.9/java.util.concurrent.locks.LockSupport.parkNanos(LockSupport.java:252)
 java.base@17.0.9/java.util.concurrent.locks.AbstractQueuedSynchronizer$ConditionObject.awaitNanos(AbstractQueuedSynchronizer.java:1672)
 java.base@17.0.9/java.util.concurrent.ScheduledThreadPoolExecutor$DelayedWorkQueue.take(ScheduledThreadPoolExecutor.java:1182)
 java.base@17.0.9/java.util.concurrent.ScheduledThreadPoolExecutor$DelayedWorkQueue.take(ScheduledThreadPoolExecutor.java:899)
 java.base@17.0.9/java.util.concurrent.ThreadPoolExecutor.getTask(ThreadPoolExecutor.java:1062)
 java.base@17.0.9/java.util.concurrent.ThreadPoolExecutor.runWorker(ThreadPoolExecutor.java:1122)
 java.base@17.0.9/java.util.concurrent.ThreadPoolExecutor$Worker.run(ThreadPoolExecutor.java:635)
 java.base@17.0.9/java.lang.Thread.run(Thread.java:842)
2023-11-22T00:01:08.709-04:00  INFO 10148 --- [Thread-35] j.LocalContainerEntityManagerFactoryBean : Closing JPA EntityManagerFactory for persistence unit 'default'
2023-11-22T00:01:08.710-04:00  INFO 10148 --- [Thread-35] com.zaxxer.hikari.HikariDataSource       : HikariPool-9 - Shutdown initiated...
2023-11-22T00:01:08.712-04:00  INFO 10148 --- [Thread-35] com.zaxxer.hikari.HikariDataSource       : HikariPool-9 - Shutdown completed.
2023-11-22T00:01:08.797-04:00  INFO 10148 --- [restartedMain] com.asdc.dalbites.DalbitesApplication    : Starting DalbitesApplication using Java 17.0.9 with PID 10148 (D:\Academics\Dalhousie University\CSCI5308\Project\Project_Clone\Group16\Backend\target\classes started by patel in D:\Academics\Dalhousie University\CSCI5308\Project\Project_Clone\Group16)
2023-11-22T00:01:08.798-04:00  INFO 10148 --- [restartedMain] com.asdc.dalbites.DalbitesApplication    : No active profile set, falling back to 1 default profile: "default"
2023-11-22T00:01:08.887-04:00  INFO 10148 --- [restartedMain] .s.d.r.c.RepositoryConfigurationDelegate : Bootstrapping Spring Data JPA repositories in DEFAULT mode.
2023-11-22T00:01:08.904-04:00  INFO 10148 --- [restartedMain] .s.d.r.c.RepositoryConfigurationDelegate : Finished Spring Data repository scanning in 16 ms. Found 8 JPA repository interfaces.
2023-11-22T00:01:08.960-04:00  INFO 10148 --- [restartedMain] o.s.b.w.embedded.tomcat.TomcatWebServer  : Tomcat initialized with port(s): 8080 (http)
2023-11-22T00:01:08.961-04:00  INFO 10148 --- [restartedMain] o.apache.catalina.core.StandardService   : Starting service [Tomcat]
2023-11-22T00:01:08.962-04:00  INFO 10148 --- [restartedMain] o.apache.catalina.core.StandardEngine    : Starting Servlet engine: [Apache Tomcat/10.1.13]
2023-11-22T00:01:08.986-04:00  INFO 10148 --- [restartedMain] o.a.c.c.C.[Tomcat].[localhost].[/]       : Initializing Spring embedded WebApplicationContext
2023-11-22T00:01:08.986-04:00  INFO 10148 --- [restartedMain] w.s.c.ServletWebServerApplicationContext : Root WebApplicationContext: initialization completed in 187 ms
2023-11-22T00:01:09.009-04:00  INFO 10148 --- [restartedMain] o.hibernate.jpa.internal.util.LogHelper  : HHH000204: Processing PersistenceUnitInfo [name: default]
2023-11-22T00:01:09.009-04:00  INFO 10148 --- [restartedMain] o.h.b.i.BytecodeProviderInitiator        : HHH000021: Bytecode provider name : bytebuddy
2023-11-22T00:01:09.009-04:00  INFO 10148 --- [restartedMain] o.s.o.j.p.SpringPersistenceUnitInfo      : No LoadTimeWeaver setup: ignoring JPA class transformer
2023-11-22T00:01:09.017-04:00  INFO 10148 --- [restartedMain] com.zaxxer.hikari.HikariDataSource       : HikariPool-10 - Starting...
2023-11-22T00:01:09.046-04:00  INFO 10148 --- [restartedMain] com.zaxxer.hikari.pool.HikariPool        : HikariPool-10 - Added connection com.mysql.cj.jdbc.ConnectionImpl@2f5150e0
2023-11-22T00:01:09.046-04:00  INFO 10148 --- [restartedMain] com.zaxxer.hikari.HikariDataSource       : HikariPool-10 - Start completed.
2023-11-22T00:01:09.074-04:00  WARN 10148 --- [restartedMain] org.hibernate.dialect.Dialect            : HHH000511: The 5.5.0 version for [org.hibernate.dialect.MySQLDialect] is no longer supported, hence certain features may not work properly. The minimum supported version is 5.7.0. Check the community dialects project for available legacy versions.
2023-11-22T00:01:09.096-04:00  INFO 10148 --- [restartedMain] o.h.b.i.BytecodeProviderInitiator        : HHH000021: Bytecode provider name : bytebuddy
2023-11-22T00:01:09.156-04:00  INFO 10148 --- [restartedMain] o.h.e.t.j.p.i.JtaPlatformInitiator       : HHH000490: Using JtaPlatform implementation: [org.hibernate.engine.transaction.jta.platform.internal.NoJtaPlatform]
2023-11-22T00:01:09.437-04:00  INFO 10148 --- [restartedMain] j.LocalContainerEntityManagerFactoryBean : Initialized JPA EntityManagerFactory for persistence unit 'default'
2023-11-22T00:01:09.566-04:00  WARN 10148 --- [restartedMain] JpaBaseConfiguration$JpaWebConfiguration : spring.jpa.open-in-view is enabled by default. Therefore, database queries may be performed during view rendering. Explicitly configure spring.jpa.open-in-view to disable this warning
2023-11-22T00:01:09.601-04:00  INFO 10148 --- [restartedMain] o.s.s.web.DefaultSecurityFilterChain     : Will secure any request with [org.springframework.security.web.session.DisableEncodeUrlFilter@68c6f71e, org.springframework.security.web.context.request.async.WebAsyncManagerIntegrationFilter@18bfef4d, org.springframework.security.web.context.SecurityContextHolderFilter@20893f9e, org.springframework.security.web.header.HeaderWriterFilter@2c855e0a, org.springframework.web.filter.CorsFilter@3d0e0896, org.springframework.security.web.authentication.logout.LogoutFilter@9af24d7, com.asdc.dalbites.security.JWTAuthenticationFilter@7c9d0adf, org.springframework.security.web.savedrequest.RequestCacheAwareFilter@4008741, org.springframework.security.web.servletapi.SecurityContextHolderAwareRequestFilter@273ecc5, org.springframework.security.web.authentication.AnonymousAuthenticationFilter@436dba10, org.springframework.security.web.session.SessionManagementFilter@4584e4c7, org.springframework.security.web.access.ExceptionTranslationFilter@1f67695f, org.springframework.security.web.access.intercept.AuthorizationFilter@141d500f]
2023-11-22T00:01:09.616-04:00  INFO 10148 --- [restartedMain] o.s.b.d.a.OptionalLiveReloadServer       : LiveReload server is running on port 35729
2023-11-22T00:01:09.627-04:00  INFO 10148 --- [restartedMain] o.s.b.w.embedded.tomcat.TomcatWebServer  : Tomcat started on port(s): 8080 (http) with context path ''
2023-11-22T00:01:09.627-04:00  INFO 10148 --- [restartedMain] com.asdc.dalbites.DalbitesApplication    : Started DalbitesApplication in 0.844 seconds (process running for 445.375)
2023-11-22T00:01:09.627-04:00  INFO 10148 --- [restartedMain] .ConditionEvaluationDeltaLoggingListener : Condition evaluation unchanged
